<?xml version="1.0" encoding="UTF-8"?>
<testng-results ignored="0" total="5" passed="5" failed="0" skipped="0">
  <reporter-output>
  </reporter-output>
  <suite started-at="2022-10-22T05:57:54 CDT" name="Surefire suite" finished-at="2022-10-22T06:00:16 CDT" duration-ms="141656">
    <groups>
      <group name="cucumber">
        <method signature="AbstractTestNGCucumberTests.runScenario(io.cucumber.testng.PickleWrapper,io.cucumber.testng.FeatureWrapper)[pri:0, instance:RunnerSalesforce@275710fc]" name="runScenario" class="io.cucumber.testng.AbstractTestNGCucumberTests"/>
      </group> <!-- cucumber -->
    </groups>
    <test started-at="2022-10-22T05:57:54 CDT" name="Surefire test" finished-at="2022-10-22T06:00:16 CDT" duration-ms="141656">
      <class name="RunnerSalesforce">
        <test-method is-config="true" signature="setUpClass()[pri:0, instance:RunnerSalesforce@275710fc]" started-at="2022-10-22T05:57:54 CDT" name="setUpClass" finished-at="2022-10-22T05:57:55 CDT" duration-ms="435" status="PASS">
          <reporter-output>
          </reporter-output>
        </test-method> <!-- setUpClass -->
        <test-method signature="runScenario(io.cucumber.testng.PickleWrapper,io.cucumber.testng.FeatureWrapper)[pri:0, instance:RunnerSalesforce@275710fc]" started-at="2022-10-22T05:57:55 CDT" name="runScenario" description="Runs Cucumber Scenarios" data-provider="scenarios" finished-at="2022-10-22T05:58:24 CDT" duration-ms="29079" status="PASS">
          <params>
            <param index="0">
              <value>
                <![CDATA["Checking Salesforce login with correct credantials"]]>
              </value>
            </param>
            <param index="1">
              <value>
                <![CDATA["Optional[Login feature of Salesforce]"]]>
              </value>
            </param>
          </params>
          <reporter-output>
          </reporter-output>
        </test-method> <!-- runScenario -->
        <test-method signature="runScenario(io.cucumber.testng.PickleWrapper,io.cucumber.testng.FeatureWrapper)[pri:0, instance:RunnerSalesforce@275710fc]" started-at="2022-10-22T05:58:24 CDT" name="runScenario" description="Runs Cucumber Scenarios" data-provider="scenarios" finished-at="2022-10-22T05:58:41 CDT" duration-ms="16849" status="PASS">
          <params>
            <param index="0">
              <value>
                <![CDATA["Checking Salesforce login errormessage with correct username and empty password"]]>
              </value>
            </param>
            <param index="1">
              <value>
                <![CDATA["Optional[Login feature of Salesforce]"]]>
              </value>
            </param>
          </params>
          <reporter-output>
          </reporter-output>
        </test-method> <!-- runScenario -->
        <test-method signature="runScenario(io.cucumber.testng.PickleWrapper,io.cucumber.testng.FeatureWrapper)[pri:0, instance:RunnerSalesforce@275710fc]" started-at="2022-10-22T05:58:41 CDT" name="runScenario" description="Runs Cucumber Scenarios" data-provider="scenarios" finished-at="2022-10-22T05:59:24 CDT" duration-ms="43428" status="PASS">
          <params>
            <param index="0">
              <value>
                <![CDATA["Checking Salesforce login  with checkme checkbox checked"]]>
              </value>
            </param>
            <param index="1">
              <value>
                <![CDATA["Optional[Login feature of Salesforce]"]]>
              </value>
            </param>
          </params>
          <reporter-output>
          </reporter-output>
        </test-method> <!-- runScenario -->
        <test-method signature="runScenario(io.cucumber.testng.PickleWrapper,io.cucumber.testng.FeatureWrapper)[pri:0, instance:RunnerSalesforce@275710fc]" started-at="2022-10-22T05:59:24 CDT" name="runScenario" description="Runs Cucumber Scenarios" data-provider="scenarios" finished-at="2022-10-22T05:59:41 CDT" duration-ms="16885" status="PASS">
          <params>
            <param index="0">
              <value>
                <![CDATA["Checking Salesforce login with incorrect credantials"]]>
              </value>
            </param>
            <param index="1">
              <value>
                <![CDATA["Optional[Login feature of Salesforce]"]]>
              </value>
            </param>
          </params>
          <reporter-output>
          </reporter-output>
        </test-method> <!-- runScenario -->
        <test-method signature="runScenario(io.cucumber.testng.PickleWrapper,io.cucumber.testng.FeatureWrapper)[pri:0, instance:RunnerSalesforce@275710fc]" started-at="2022-10-22T05:59:41 CDT" name="runScenario" description="Runs Cucumber Scenarios" data-provider="scenarios" finished-at="2022-10-22T06:00:16 CDT" duration-ms="34850" status="PASS">
          <params>
            <param index="0">
              <value>
                <![CDATA["Checking Salesforce login  with Forgot password link"]]>
              </value>
            </param>
            <param index="1">
              <value>
                <![CDATA["Optional[Login feature of Salesforce]"]]>
              </value>
            </param>
          </params>
          <reporter-output>
          </reporter-output>
        </test-method> <!-- runScenario -->
        <test-method is-config="true" signature="tearDownClass()[pri:0, instance:RunnerSalesforce@275710fc]" started-at="2022-10-22T06:00:16 CDT" name="tearDownClass" finished-at="2022-10-22T06:00:16 CDT" duration-ms="83" status="PASS">
          <reporter-output>
          </reporter-output>
        </test-method> <!-- tearDownClass -->
      </class> <!-- RunnerSalesforce -->
    </test> <!-- Surefire test -->
  </suite> <!-- Surefire suite -->
</testng-results>
