<?xml version="1.0" encoding="UTF-8"?>
<testsuite xmlns:xsi="http://www.w3.org/2001/XMLSchema-instance" xsi:schemaLocation="https://maven.apache.org/surefire/maven-surefire-plugin/xsd/surefire-test-report.xsd" name="RunnerSalesforce" time="141.985" tests="5" errors="0" skipped="0" failures="0">
  <properties>
[...]
</properties>
  <testcase name="runScenario" classname="RunnerSalesforce" time="29.08"/>
  <testcase name="runScenario" classname="RunnerSalesforce" time="16.845"/>
  <testcase name="runScenario" classname="RunnerSalesforce" time="43.428"/>
  <testcase name="runScenario" classname="RunnerSalesforce" time="16.886"/>
  <testcase name="runScenario" classname="RunnerSalesforce" time="34.849"/>
</testsuite>