<?xml version="1.0" encoding="UTF-8"?>
<!-- Generated by org.testng.reporters.JUnitXMLReporter -->
<testsuite ignored="0" hostname="DESKTOP-MAGKF8V" failures="1" tests="1" name="Testing salesforce firefox" time="16.435" errors="0" timestamp="2022-09-29T19:50:19 CDT">
  <testcase classname="com.salesforce.automationscript.AutomationScript" name="loginToSalesForceTC02" time="11.48">
    <failure type="java.lang.AssertionError" message="expected [Home Page ~ Salesforce - Developer Edition] but found []">
      <![CDATA[java.lang.AssertionError: expected [Home Page ~ Salesforce - Developer Edition] but found []
at com.salesforce.automationscript.AutomationScript.loginToSalesForceTC02(AutomationScript.java:40)
at java.base/java.util.ArrayList.forEach(ArrayList.java:1511)
... Removed 33 stack frames]]>
    </failure>
  </testcase> <!-- loginToSalesForceTC02 -->
</testsuite> <!-- Testing salesforce firefox -->
