<?xml version="1.0" encoding="UTF-8"?>
<!-- Generated by org.testng.reporters.JUnitXMLReporter -->
<testsuite ignored="0" hostname="DESKTOP-MAGKF8V" failures="0" tests="5" name="Testing salesforce chrome" time="90.501" errors="0" timestamp="2022-09-30T08:47:09 CDT">
  <testcase classname="com.salesforce.automationscript.AutomationScript" name="checkRememberMeTC03" time="28.265"/>
  <testcase classname="com.salesforce.automationscript.AutomationScript" name="forgotPasswardTC04A" time="15.266"/>
  <testcase classname="com.salesforce.automationscript.AutomationScript" name="forgotPasswardTC04B" time="8.535"/>
  <testcase classname="com.salesforce.automationscript.AutomationScript" name="loginErrorMessageTC01" time="8.561"/>
  <testcase classname="com.salesforce.automationscript.AutomationScript" name="loginToSalesForceTC02" time="13.478"/>
</testsuite> <!-- Testing salesforce chrome -->
